actionid: tox
msg: packaging
cmdargs: ['/Users/Joe/.virtualenvs/django-contact-form/bin/python', local('/Users/Joe/Development/_django-apps/django-contact-form/setup.py'), 'sdist', '--formats=zip', '--dist-dir', local('/Users/Joe/Development/_django-apps/django-contact-form/.tox/dist')]
env: None

running sdist
running egg_info
writing requirements to django_contact_form.egg-info/requires.txt
writing django_contact_form.egg-info/PKG-INFO
writing top-level names to django_contact_form.egg-info/top_level.txt
writing dependency_links to django_contact_form.egg-info/dependency_links.txt
reading manifest file 'django_contact_form.egg-info/SOURCES.txt'
reading manifest template 'MANIFEST.in'
writing manifest file 'django_contact_form.egg-info/SOURCES.txt'
running check
creating django-contact-form-1.6
creating django-contact-form-1.6/django_contact_form.egg-info
creating django-contact-form-1.6/django_contact_form
creating django-contact-form-1.6/django_contact_form/templates
creating django-contact-form-1.6/django_contact_form/templates/contact
making hard links in django-contact-form-1.6...
hard linking LICENSE.txt -> django-contact-form-1.6
hard linking MANIFEST.in -> django-contact-form-1.6
hard linking README.rst -> django-contact-form-1.6
hard linking setup.py -> django-contact-form-1.6
hard linking django_contact_form.egg-info/PKG-INFO -> django-contact-form-1.6/django_contact_form.egg-info
hard linking django_contact_form.egg-info/SOURCES.txt -> django-contact-form-1.6/django_contact_form.egg-info
hard linking django_contact_form.egg-info/dependency_links.txt -> django-contact-form-1.6/django_contact_form.egg-info
hard linking django_contact_form.egg-info/requires.txt -> django-contact-form-1.6/django_contact_form.egg-info
hard linking django_contact_form.egg-info/top_level.txt -> django-contact-form-1.6/django_contact_form.egg-info
hard linking django_contact_form/templates/contact/_form_snippet.html -> django-contact-form-1.6/django_contact_form/templates/contact
hard linking django_contact_form/templates/contact/contact_form.html -> django-contact-form-1.6/django_contact_form/templates/contact
hard linking django_contact_form/templates/contact/form.html -> django-contact-form-1.6/django_contact_form/templates/contact
hard linking django_contact_form/templates/contact/success.html -> django-contact-form-1.6/django_contact_form/templates/contact
Writing django-contact-form-1.6/setup.cfg
creating '.tox/dist/django-contact-form-1.6.zip' and adding 'django-contact-form-1.6' to it
adding 'django-contact-form-1.6/LICENSE.txt'
adding 'django-contact-form-1.6/MANIFEST.in'
adding 'django-contact-form-1.6/PKG-INFO'
adding 'django-contact-form-1.6/README.rst'
adding 'django-contact-form-1.6/setup.cfg'
adding 'django-contact-form-1.6/setup.py'
adding 'django-contact-form-1.6/django_contact_form/templates/contact/_form_snippet.html'
adding 'django-contact-form-1.6/django_contact_form/templates/contact/contact_form.html'
adding 'django-contact-form-1.6/django_contact_form/templates/contact/form.html'
adding 'django-contact-form-1.6/django_contact_form/templates/contact/success.html'
adding 'django-contact-form-1.6/django_contact_form.egg-info/dependency_links.txt'
adding 'django-contact-form-1.6/django_contact_form.egg-info/PKG-INFO'
adding 'django-contact-form-1.6/django_contact_form.egg-info/requires.txt'
adding 'django-contact-form-1.6/django_contact_form.egg-info/SOURCES.txt'
adding 'django-contact-form-1.6/django_contact_form.egg-info/top_level.txt'
removing 'django-contact-form-1.6' (and everything under it)
